生成启动时间为 2018/11/24 12:51:36。
     1>项目“E:\vs代码\1\1\1.vcxproj”在节点 2 上(Build 个目标)。
     1>CustomBuild:
         Moc'ing QtGuiApplication.h...
         Uic'ing QtGuiApplication.ui...
         Rcc'ing QtGuiApplication.qrc...
     1>RCC : warning : No resources in 'E:\vs浠ｇ爜\1\1\QtGuiApplication.qrc'.
         
       ClCompile:
         D:\vs\VC\bin\CL.exe /c /I.\GeneratedFiles /I. /ID:\qt\5.6\msvc2013\include /I.\GeneratedFiles\Debug /ID:\qt\5.6\msvc2013\include\QtCore /ID:\qt\5.6\msvc2013\include\QtGui /ID:\qt\5.6\msvc2013\include\QtPositioning /ID:\qt\5.6\msvc2013\include\QtWebSockets /ID:\qt\5.6\msvc2013\include\QtWidgets /Zi /nologo /W1 /WX- /Od /Oy- /D UNICODE /D WIN32 /D WIN64 /D QT_DLL /D QT_CORE_LIB /D QT_GUI_LIB /D QT_POSITIONING_LIB /D QT_WEBSOCKETS_LIB /D QT_WIDGETS_LIB /Gm- /EHsc /MDd /GS /fp:precise /Zc:wchar_t /Zc:forScope /Fo"Debug\\" /Fd"Debug\vc120.pdb" /Gd /TP /analyze- /errorReport:prompt GeneratedFiles\Debug\moc_QtGuiApplication.cpp main.cpp QtGuiApplication.cpp
         moc_QtGuiApplication.cpp
         main.cpp
         QtGuiApplication.cpp
         正在生成代码...
         D:\vs\VC\bin\CL.exe /c /I.\GeneratedFiles /I. /ID:\qt\5.6\msvc2013\include /I.\GeneratedFiles\Debug /ID:\qt\5.6\msvc2013\include\QtCore /ID:\qt\5.6\msvc2013\include\QtGui /ID:\qt\5.6\msvc2013\include\QtPositioning /ID:\qt\5.6\msvc2013\include\QtWebSockets /ID:\qt\5.6\msvc2013\include\QtWidgets /Zi /nologo /W1 /WX- /Od /Oy- /D UNICODE /D WIN32 /D WIN64 /D QT_DLL /D QT_CORE_LIB /D QT_GUI_LIB /D QT_POSITIONING_LIB /D QT_WEBSOCKETS_LIB /D QT_WIDGETS_LIB /Gm- /EHsc /MDd /GS /fp:precise /Zc:wchar_t /Zc:forScope /Fo"Debug\\" /Fd"Debug\vc120.pdb" /Gd /TP /analyze- /errorReport:prompt GeneratedFiles\qrc_QtGuiApplication.cpp
         qrc_QtGuiApplication.cpp
       Link:
         D:\vs\VC\bin\link.exe /ERRORREPORT:PROMPT /OUT:"E:\vs代码\1\Win32\Debug\\1.exe" /NOLOGO /LIBPATH:D:\qt\5.6\msvc2013\lib qtmaind.lib Qt5Cored.lib Qt5Guid.lib Qt5Positioningd.lib Qt5WebSocketsd.lib Qt5Widgetsd.lib kernel32.lib user32.lib gdi32.lib winspool.lib comdlg32.lib advapi32.lib shell32.lib ole32.lib oleaut32.lib uuid.lib odbc32.lib odbccp32.lib /MANIFEST /MANIFESTUAC:"level='asInvoker' uiAccess='false'" /manifest:embed /DEBUG /PDB:"E:\vs代码\1\Win32\Debug\1.pdb" /SUBSYSTEM:WINDOWS /TLBID:1 /DYNAMICBASE /NXCOMPAT /IMPLIB:"E:\vs代码\1\Win32\Debug\1.lib" /MACHINE:X86 /SAFESEH Debug\moc_QtGuiApplication.obj
         Debug\qrc_QtGuiApplication.obj
         Debug\main.obj
         Debug\QtGuiApplication.obj
         1.vcxproj -> E:\vs代码\1\Win32\Debug\1.exe
     1>已完成生成项目“E:\vs代码\1\1\1.vcxproj”(Build 个目标)的操作。

生成成功。

已用时间 00:00:08.32
